[0.334s] Invoking command in '/ros2_ws/src/my_yolo': PYTHONPATH=/ros2_ws/build/my_yolo/prefix_override:/usr/lib/python3/dist-packages/colcon_core/task/python/colcon_distutils_commands:/ros2_ws/install/my_yolo/lib/python3.10/site-packages:${PYTHONPATH} /usr/bin/python3 -W ignore:setup.py install is deprecated -W ignore:easy_install command is deprecated setup.py egg_info --egg-base ../../build/my_yolo build --build-base /ros2_ws/build/my_yolo/build install --record /ros2_ws/build/my_yolo/install.log --single-version-externally-managed install_data
[0.470s] running egg_info
[0.470s] writing ../../build/my_yolo/my_yolo.egg-info/PKG-INFO
[0.471s] writing dependency_links to ../../build/my_yolo/my_yolo.egg-info/dependency_links.txt
[0.471s] writing entry points to ../../build/my_yolo/my_yolo.egg-info/entry_points.txt
[0.471s] writing requirements to ../../build/my_yolo/my_yolo.egg-info/requires.txt
[0.471s] writing top-level names to ../../build/my_yolo/my_yolo.egg-info/top_level.txt
[0.472s] reading manifest file '../../build/my_yolo/my_yolo.egg-info/SOURCES.txt'
[0.472s] writing manifest file '../../build/my_yolo/my_yolo.egg-info/SOURCES.txt'
[0.472s] running build
[0.472s] running build_py
[0.473s] running install
[0.473s] running install_lib
[0.473s] running install_data
[0.473s] running install_egg_info
[0.474s] removing '/ros2_ws/install/my_yolo/lib/python3.10/site-packages/my_yolo-0.0.0-py3.10.egg-info' (and everything under it)
[0.474s] Copying ../../build/my_yolo/my_yolo.egg-info to /ros2_ws/install/my_yolo/lib/python3.10/site-packages/my_yolo-0.0.0-py3.10.egg-info
[0.475s] running install_scripts
[0.487s] Installing yolo_node script to /ros2_ws/install/my_yolo/lib/my_yolo
[0.487s] writing list of installed files to '/ros2_ws/build/my_yolo/install.log'
[0.501s] Invoked command in '/ros2_ws/src/my_yolo' returned '0': PYTHONPATH=/ros2_ws/build/my_yolo/prefix_override:/usr/lib/python3/dist-packages/colcon_core/task/python/colcon_distutils_commands:/ros2_ws/install/my_yolo/lib/python3.10/site-packages:${PYTHONPATH} /usr/bin/python3 -W ignore:setup.py install is deprecated -W ignore:easy_install command is deprecated setup.py egg_info --egg-base ../../build/my_yolo build --build-base /ros2_ws/build/my_yolo/build install --record /ros2_ws/build/my_yolo/install.log --single-version-externally-managed install_data
