[0.062s] DEBUG:colcon:Command line arguments: ['/usr/bin/colcon', 'build', '--symlink-install']
[0.062s] DEBUG:colcon:Parsed command line arguments: Namespace(log_base=None, log_level=None, verb_name='build', build_base='build', install_base='install', merge_install=False, symlink_install=True, test_result_base=None, continue_on_error=False, executor='parallel', parallel_workers=28, event_handlers=None, ignore_user_meta=False, metas=['./colcon.meta'], base_paths=['.'], packages_ignore=None, packages_ignore_regex=None, paths=None, packages_up_to=None, packages_up_to_regex=None, packages_above=None, packages_above_and_dependencies=None, packages_above_depth=None, packages_select_by_dep=None, packages_skip_by_dep=None, packages_skip_up_to=None, packages_select_build_failed=False, packages_skip_build_finished=False, packages_select_test_failures=False, packages_skip_test_passed=False, packages_select=None, packages_skip=None, packages_select_regex=None, packages_skip_regex=None, packages_start=None, packages_end=None, cmake_args=None, cmake_target=None, cmake_target_skip_unavailable=False, cmake_clean_cache=False, cmake_clean_first=False, cmake_force_configure=False, ament_cmake_args=None, catkin_cmake_args=None, catkin_skip_building_tests=False, mixin_files=None, mixin=None, verb_parser=<colcon_mixin.mixin.mixin_argument.MixinArgumentDecorator object at 0x71f348364880>, verb_extension=<colcon_core.verb.build.BuildVerb object at 0x71f348364250>, main=<bound method BuildVerb.main of <colcon_core.verb.build.BuildVerb object at 0x71f348364250>>, mixin_verb=('build',))
[0.136s] Level 1:colcon.colcon_core.package_discovery:discover_packages(colcon_meta) check parameters
[0.137s] INFO:colcon.colcon_metadata.package_discovery.colcon_meta:Using configuration from '/root/.colcon/metadata/default/Gazebo.meta'
[0.137s] INFO:colcon.colcon_metadata.package_discovery.colcon_meta:Using configuration from '/root/.colcon/metadata/default/fastdds.meta'
[0.137s] INFO:colcon.colcon_metadata.package_discovery.colcon_meta:Using configuration from '/root/.colcon/metadata/default/fastrtps.meta'
[0.137s] Level 1:colcon.colcon_core.package_discovery:discover_packages(recursive) check parameters
[0.137s] Level 1:colcon.colcon_core.package_discovery:discover_packages(ignore) check parameters
[0.137s] Level 1:colcon.colcon_core.package_discovery:discover_packages(path) check parameters
[0.137s] Level 1:colcon.colcon_core.package_discovery:discover_packages(colcon_meta) discover
[0.137s] Level 1:colcon.colcon_core.package_discovery:discover_packages(recursive) discover
[0.137s] INFO:colcon.colcon_core.package_discovery:Crawling recursively for packages in '/ros2_ws'
[0.138s] Level 1:colcon.colcon_core.package_identification:_identify(.) by extensions ['ignore', 'ignore_ament_install']
[0.138s] Level 1:colcon.colcon_core.package_identification:_identify(.) by extension 'ignore'
[0.138s] Level 1:colcon.colcon_core.package_identification:_identify(.) by extension 'ignore_ament_install'
[0.138s] Level 1:colcon.colcon_core.package_identification:_identify(.) by extensions ['colcon_pkg']
[0.138s] Level 1:colcon.colcon_core.package_identification:_identify(.) by extension 'colcon_pkg'
[0.138s] Level 1:colcon.colcon_core.package_identification:_identify(.) by extensions ['colcon_meta']
[0.138s] Level 1:colcon.colcon_core.package_identification:_identify(.) by extension 'colcon_meta'
[0.138s] Level 1:colcon.colcon_core.package_identification:_identify(.) by extensions ['ros']
[0.138s] Level 1:colcon.colcon_core.package_identification:_identify(.) by extension 'ros'
[0.152s] Level 1:colcon.colcon_core.package_identification:_identify(.) by extensions ['cmake', 'python']
[0.152s] Level 1:colcon.colcon_core.package_identification:_identify(.) by extension 'cmake'
[0.152s] Level 1:colcon.colcon_core.package_identification:_identify(.) by extension 'python'
[0.152s] Level 1:colcon.colcon_core.package_identification:_identify(.) by extensions ['python_setup_py']
[0.152s] Level 1:colcon.colcon_core.package_identification:_identify(.) by extension 'python_setup_py'
[0.153s] Level 1:colcon.colcon_core.package_identification:_identify(build) by extensions ['ignore', 'ignore_ament_install']
[0.153s] Level 1:colcon.colcon_core.package_identification:_identify(build) by extension 'ignore'
[0.153s] Level 1:colcon.colcon_core.package_identification:_identify(build) ignored
[0.153s] Level 1:colcon.colcon_core.package_identification:_identify(install) by extensions ['ignore', 'ignore_ament_install']
[0.153s] Level 1:colcon.colcon_core.package_identification:_identify(install) by extension 'ignore'
[0.153s] Level 1:colcon.colcon_core.package_identification:_identify(install) ignored
[0.153s] Level 1:colcon.colcon_core.package_identification:_identify(log) by extensions ['ignore', 'ignore_ament_install']
[0.153s] Level 1:colcon.colcon_core.package_identification:_identify(log) by extension 'ignore'
[0.153s] Level 1:colcon.colcon_core.package_identification:_identify(log) ignored
[0.153s] Level 1:colcon.colcon_core.package_identification:_identify(my_car) by extensions ['ignore', 'ignore_ament_install']
[0.153s] Level 1:colcon.colcon_core.package_identification:_identify(my_car) by extension 'ignore'
[0.153s] Level 1:colcon.colcon_core.package_identification:_identify(my_car) by extension 'ignore_ament_install'
[0.153s] Level 1:colcon.colcon_core.package_identification:_identify(my_car) by extensions ['colcon_pkg']
[0.153s] Level 1:colcon.colcon_core.package_identification:_identify(my_car) by extension 'colcon_pkg'
[0.153s] Level 1:colcon.colcon_core.package_identification:_identify(my_car) by extensions ['colcon_meta']
[0.153s] Level 1:colcon.colcon_core.package_identification:_identify(my_car) by extension 'colcon_meta'
[0.153s] Level 1:colcon.colcon_core.package_identification:_identify(my_car) by extensions ['ros']
[0.153s] Level 1:colcon.colcon_core.package_identification:_identify(my_car) by extension 'ros'
[0.159s] DEBUG:colcon.colcon_core.package_identification:Package 'my_car' with type 'ros.ament_python' and name 'my_car'
[0.159s] Level 1:colcon.colcon_core.package_identification:_identify(src) by extensions ['ignore', 'ignore_ament_install']
[0.159s] Level 1:colcon.colcon_core.package_identification:_identify(src) by extension 'ignore'
[0.159s] Level 1:colcon.colcon_core.package_identification:_identify(src) by extension 'ignore_ament_install'
[0.159s] Level 1:colcon.colcon_core.package_identification:_identify(src) by extensions ['colcon_pkg']
[0.159s] Level 1:colcon.colcon_core.package_identification:_identify(src) by extension 'colcon_pkg'
[0.159s] Level 1:colcon.colcon_core.package_identification:_identify(src) by extensions ['colcon_meta']
[0.159s] Level 1:colcon.colcon_core.package_identification:_identify(src) by extension 'colcon_meta'
[0.159s] Level 1:colcon.colcon_core.package_identification:_identify(src) by extensions ['ros']
[0.159s] Level 1:colcon.colcon_core.package_identification:_identify(src) by extension 'ros'
[0.159s] Level 1:colcon.colcon_core.package_identification:_identify(src) by extensions ['cmake', 'python']
[0.159s] Level 1:colcon.colcon_core.package_identification:_identify(src) by extension 'cmake'
[0.159s] Level 1:colcon.colcon_core.package_identification:_identify(src) by extension 'python'
[0.159s] Level 1:colcon.colcon_core.package_identification:_identify(src) by extensions ['python_setup_py']
[0.159s] Level 1:colcon.colcon_core.package_identification:_identify(src) by extension 'python_setup_py'
[0.159s] Level 1:colcon.colcon_core.package_identification:_identify(src/my_control) by extensions ['ignore', 'ignore_ament_install']
[0.159s] Level 1:colcon.colcon_core.package_identification:_identify(src/my_control) by extension 'ignore'
[0.159s] Level 1:colcon.colcon_core.package_identification:_identify(src/my_control) by extension 'ignore_ament_install'
[0.159s] Level 1:colcon.colcon_core.package_identification:_identify(src/my_control) by extensions ['colcon_pkg']
[0.159s] Level 1:colcon.colcon_core.package_identification:_identify(src/my_control) by extension 'colcon_pkg'
[0.159s] Level 1:colcon.colcon_core.package_identification:_identify(src/my_control) by extensions ['colcon_meta']
[0.159s] Level 1:colcon.colcon_core.package_identification:_identify(src/my_control) by extension 'colcon_meta'
[0.159s] Level 1:colcon.colcon_core.package_identification:_identify(src/my_control) by extensions ['ros']
[0.159s] Level 1:colcon.colcon_core.package_identification:_identify(src/my_control) by extension 'ros'
[0.159s] DEBUG:colcon.colcon_core.package_identification:Package 'src/my_control' with type 'ros.ament_python' and name 'my_control'
[0.159s] Level 1:colcon.colcon_core.package_identification:_identify(src/my_yolo) by extensions ['ignore', 'ignore_ament_install']
[0.160s] Level 1:colcon.colcon_core.package_identification:_identify(src/my_yolo) by extension 'ignore'
[0.160s] Level 1:colcon.colcon_core.package_identification:_identify(src/my_yolo) by extension 'ignore_ament_install'
[0.160s] Level 1:colcon.colcon_core.package_identification:_identify(src/my_yolo) by extensions ['colcon_pkg']
[0.160s] Level 1:colcon.colcon_core.package_identification:_identify(src/my_yolo) by extension 'colcon_pkg'
[0.160s] Level 1:colcon.colcon_core.package_identification:_identify(src/my_yolo) by extensions ['colcon_meta']
[0.160s] Level 1:colcon.colcon_core.package_identification:_identify(src/my_yolo) by extension 'colcon_meta'
[0.160s] Level 1:colcon.colcon_core.package_identification:_identify(src/my_yolo) by extensions ['ros']
[0.160s] Level 1:colcon.colcon_core.package_identification:_identify(src/my_yolo) by extension 'ros'
[0.160s] DEBUG:colcon.colcon_core.package_identification:Package 'src/my_yolo' with type 'ros.ament_python' and name 'my_yolo'
[0.160s] Level 1:colcon.colcon_core.package_identification:_identify(yolo_train) by extensions ['ignore', 'ignore_ament_install']
[0.160s] Level 1:colcon.colcon_core.package_identification:_identify(yolo_train) by extension 'ignore'
[0.160s] Level 1:colcon.colcon_core.package_identification:_identify(yolo_train) by extension 'ignore_ament_install'
[0.160s] Level 1:colcon.colcon_core.package_identification:_identify(yolo_train) by extensions ['colcon_pkg']
[0.160s] Level 1:colcon.colcon_core.package_identification:_identify(yolo_train) by extension 'colcon_pkg'
[0.160s] Level 1:colcon.colcon_core.package_identification:_identify(yolo_train) by extensions ['colcon_meta']
[0.160s] Level 1:colcon.colcon_core.package_identification:_identify(yolo_train) by extension 'colcon_meta'
[0.160s] Level 1:colcon.colcon_core.package_identification:_identify(yolo_train) by extensions ['ros']
[0.160s] Level 1:colcon.colcon_core.package_identification:_identify(yolo_train) by extension 'ros'
[0.160s] Level 1:colcon.colcon_core.package_identification:_identify(yolo_train) by extensions ['cmake', 'python']
[0.160s] Level 1:colcon.colcon_core.package_identification:_identify(yolo_train) by extension 'cmake'
[0.160s] Level 1:colcon.colcon_core.package_identification:_identify(yolo_train) by extension 'python'
[0.160s] Level 1:colcon.colcon_core.package_identification:_identify(yolo_train) by extensions ['python_setup_py']
[0.160s] Level 1:colcon.colcon_core.package_identification:_identify(yolo_train) by extension 'python_setup_py'
[0.160s] Level 1:colcon.colcon_core.package_identification:_identify(yolo_train/dataset) by extensions ['ignore', 'ignore_ament_install']
[0.160s] Level 1:colcon.colcon_core.package_identification:_identify(yolo_train/dataset) by extension 'ignore'
[0.160s] Level 1:colcon.colcon_core.package_identification:_identify(yolo_train/dataset) by extension 'ignore_ament_install'
[0.160s] Level 1:colcon.colcon_core.package_identification:_identify(yolo_train/dataset) by extensions ['colcon_pkg']
[0.160s] Level 1:colcon.colcon_core.package_identification:_identify(yolo_train/dataset) by extension 'colcon_pkg'
[0.160s] Level 1:colcon.colcon_core.package_identification:_identify(yolo_train/dataset) by extensions ['colcon_meta']
[0.160s] Level 1:colcon.colcon_core.package_identification:_identify(yolo_train/dataset) by extension 'colcon_meta'
[0.160s] Level 1:colcon.colcon_core.package_identification:_identify(yolo_train/dataset) by extensions ['ros']
[0.160s] Level 1:colcon.colcon_core.package_identification:_identify(yolo_train/dataset) by extension 'ros'
[0.160s] Level 1:colcon.colcon_core.package_identification:_identify(yolo_train/dataset) by extensions ['cmake', 'python']
[0.160s] Level 1:colcon.colcon_core.package_identification:_identify(yolo_train/dataset) by extension 'cmake'
[0.160s] Level 1:colcon.colcon_core.package_identification:_identify(yolo_train/dataset) by extension 'python'
[0.161s] Level 1:colcon.colcon_core.package_identification:_identify(yolo_train/dataset) by extensions ['python_setup_py']
[0.161s] Level 1:colcon.colcon_core.package_identification:_identify(yolo_train/dataset) by extension 'python_setup_py'
[0.161s] Level 1:colcon.colcon_core.package_identification:_identify(yolo_train/dataset/bear_v1) by extensions ['ignore', 'ignore_ament_install']
[0.161s] Level 1:colcon.colcon_core.package_identification:_identify(yolo_train/dataset/bear_v1) by extension 'ignore'
[0.161s] Level 1:colcon.colcon_core.package_identification:_identify(yolo_train/dataset/bear_v1) by extension 'ignore_ament_install'
[0.161s] Level 1:colcon.colcon_core.package_identification:_identify(yolo_train/dataset/bear_v1) by extensions ['colcon_pkg']
[0.161s] Level 1:colcon.colcon_core.package_identification:_identify(yolo_train/dataset/bear_v1) by extension 'colcon_pkg'
[0.161s] Level 1:colcon.colcon_core.package_identification:_identify(yolo_train/dataset/bear_v1) by extensions ['colcon_meta']
[0.161s] Level 1:colcon.colcon_core.package_identification:_identify(yolo_train/dataset/bear_v1) by extension 'colcon_meta'
[0.161s] Level 1:colcon.colcon_core.package_identification:_identify(yolo_train/dataset/bear_v1) by extensions ['ros']
[0.161s] Level 1:colcon.colcon_core.package_identification:_identify(yolo_train/dataset/bear_v1) by extension 'ros'
[0.161s] Level 1:colcon.colcon_core.package_identification:_identify(yolo_train/dataset/bear_v1) by extensions ['cmake', 'python']
[0.161s] Level 1:colcon.colcon_core.package_identification:_identify(yolo_train/dataset/bear_v1) by extension 'cmake'
[0.161s] Level 1:colcon.colcon_core.package_identification:_identify(yolo_train/dataset/bear_v1) by extension 'python'
[0.161s] Level 1:colcon.colcon_core.package_identification:_identify(yolo_train/dataset/bear_v1) by extensions ['python_setup_py']
[0.161s] Level 1:colcon.colcon_core.package_identification:_identify(yolo_train/dataset/bear_v1) by extension 'python_setup_py'
[0.161s] Level 1:colcon.colcon_core.package_identification:_identify(yolo_train/dataset/bear_v1/train) by extensions ['ignore', 'ignore_ament_install']
[0.161s] Level 1:colcon.colcon_core.package_identification:_identify(yolo_train/dataset/bear_v1/train) by extension 'ignore'
[0.161s] Level 1:colcon.colcon_core.package_identification:_identify(yolo_train/dataset/bear_v1/train) by extension 'ignore_ament_install'
[0.161s] Level 1:colcon.colcon_core.package_identification:_identify(yolo_train/dataset/bear_v1/train) by extensions ['colcon_pkg']
[0.161s] Level 1:colcon.colcon_core.package_identification:_identify(yolo_train/dataset/bear_v1/train) by extension 'colcon_pkg'
[0.161s] Level 1:colcon.colcon_core.package_identification:_identify(yolo_train/dataset/bear_v1/train) by extensions ['colcon_meta']
[0.161s] Level 1:colcon.colcon_core.package_identification:_identify(yolo_train/dataset/bear_v1/train) by extension 'colcon_meta'
[0.161s] Level 1:colcon.colcon_core.package_identification:_identify(yolo_train/dataset/bear_v1/train) by extensions ['ros']
[0.161s] Level 1:colcon.colcon_core.package_identification:_identify(yolo_train/dataset/bear_v1/train) by extension 'ros'
[0.161s] Level 1:colcon.colcon_core.package_identification:_identify(yolo_train/dataset/bear_v1/train) by extensions ['cmake', 'python']
[0.161s] Level 1:colcon.colcon_core.package_identification:_identify(yolo_train/dataset/bear_v1/train) by extension 'cmake'
[0.161s] Level 1:colcon.colcon_core.package_identification:_identify(yolo_train/dataset/bear_v1/train) by extension 'python'
[0.161s] Level 1:colcon.colcon_core.package_identification:_identify(yolo_train/dataset/bear_v1/train) by extensions ['python_setup_py']
[0.161s] Level 1:colcon.colcon_core.package_identification:_identify(yolo_train/dataset/bear_v1/train) by extension 'python_setup_py'
[0.161s] Level 1:colcon.colcon_core.package_identification:_identify(yolo_train/dataset/bear_v1/train/images) by extensions ['ignore', 'ignore_ament_install']
[0.161s] Level 1:colcon.colcon_core.package_identification:_identify(yolo_train/dataset/bear_v1/train/images) by extension 'ignore'
[0.161s] Level 1:colcon.colcon_core.package_identification:_identify(yolo_train/dataset/bear_v1/train/images) by extension 'ignore_ament_install'
[0.161s] Level 1:colcon.colcon_core.package_identification:_identify(yolo_train/dataset/bear_v1/train/images) by extensions ['colcon_pkg']
[0.161s] Level 1:colcon.colcon_core.package_identification:_identify(yolo_train/dataset/bear_v1/train/images) by extension 'colcon_pkg'
[0.161s] Level 1:colcon.colcon_core.package_identification:_identify(yolo_train/dataset/bear_v1/train/images) by extensions ['colcon_meta']
[0.161s] Level 1:colcon.colcon_core.package_identification:_identify(yolo_train/dataset/bear_v1/train/images) by extension 'colcon_meta'
[0.161s] Level 1:colcon.colcon_core.package_identification:_identify(yolo_train/dataset/bear_v1/train/images) by extensions ['ros']
[0.161s] Level 1:colcon.colcon_core.package_identification:_identify(yolo_train/dataset/bear_v1/train/images) by extension 'ros'
[0.161s] Level 1:colcon.colcon_core.package_identification:_identify(yolo_train/dataset/bear_v1/train/images) by extensions ['cmake', 'python']
[0.161s] Level 1:colcon.colcon_core.package_identification:_identify(yolo_train/dataset/bear_v1/train/images) by extension 'cmake'
[0.161s] Level 1:colcon.colcon_core.package_identification:_identify(yolo_train/dataset/bear_v1/train/images) by extension 'python'
[0.161s] Level 1:colcon.colcon_core.package_identification:_identify(yolo_train/dataset/bear_v1/train/images) by extensions ['python_setup_py']
[0.161s] Level 1:colcon.colcon_core.package_identification:_identify(yolo_train/dataset/bear_v1/train/images) by extension 'python_setup_py'
[0.161s] Level 1:colcon.colcon_core.package_identification:_identify(yolo_train/dataset/bear_v1/train/labels) by extensions ['ignore', 'ignore_ament_install']
[0.161s] Level 1:colcon.colcon_core.package_identification:_identify(yolo_train/dataset/bear_v1/train/labels) by extension 'ignore'
[0.161s] Level 1:colcon.colcon_core.package_identification:_identify(yolo_train/dataset/bear_v1/train/labels) by extension 'ignore_ament_install'
[0.161s] Level 1:colcon.colcon_core.package_identification:_identify(yolo_train/dataset/bear_v1/train/labels) by extensions ['colcon_pkg']
[0.162s] Level 1:colcon.colcon_core.package_identification:_identify(yolo_train/dataset/bear_v1/train/labels) by extension 'colcon_pkg'
[0.162s] Level 1:colcon.colcon_core.package_identification:_identify(yolo_train/dataset/bear_v1/train/labels) by extensions ['colcon_meta']
[0.162s] Level 1:colcon.colcon_core.package_identification:_identify(yolo_train/dataset/bear_v1/train/labels) by extension 'colcon_meta'
[0.162s] Level 1:colcon.colcon_core.package_identification:_identify(yolo_train/dataset/bear_v1/train/labels) by extensions ['ros']
[0.162s] Level 1:colcon.colcon_core.package_identification:_identify(yolo_train/dataset/bear_v1/train/labels) by extension 'ros'
[0.162s] Level 1:colcon.colcon_core.package_identification:_identify(yolo_train/dataset/bear_v1/train/labels) by extensions ['cmake', 'python']
[0.162s] Level 1:colcon.colcon_core.package_identification:_identify(yolo_train/dataset/bear_v1/train/labels) by extension 'cmake'
[0.162s] Level 1:colcon.colcon_core.package_identification:_identify(yolo_train/dataset/bear_v1/train/labels) by extension 'python'
[0.162s] Level 1:colcon.colcon_core.package_identification:_identify(yolo_train/dataset/bear_v1/train/labels) by extensions ['python_setup_py']
[0.162s] Level 1:colcon.colcon_core.package_identification:_identify(yolo_train/dataset/bear_v1/train/labels) by extension 'python_setup_py'
[0.162s] Level 1:colcon.colcon_core.package_identification:_identify(yolo_train/dataset/bear_v1/valid) by extensions ['ignore', 'ignore_ament_install']
[0.162s] Level 1:colcon.colcon_core.package_identification:_identify(yolo_train/dataset/bear_v1/valid) by extension 'ignore'
[0.162s] Level 1:colcon.colcon_core.package_identification:_identify(yolo_train/dataset/bear_v1/valid) by extension 'ignore_ament_install'
[0.162s] Level 1:colcon.colcon_core.package_identification:_identify(yolo_train/dataset/bear_v1/valid) by extensions ['colcon_pkg']
[0.162s] Level 1:colcon.colcon_core.package_identification:_identify(yolo_train/dataset/bear_v1/valid) by extension 'colcon_pkg'
[0.162s] Level 1:colcon.colcon_core.package_identification:_identify(yolo_train/dataset/bear_v1/valid) by extensions ['colcon_meta']
[0.162s] Level 1:colcon.colcon_core.package_identification:_identify(yolo_train/dataset/bear_v1/valid) by extension 'colcon_meta'
[0.162s] Level 1:colcon.colcon_core.package_identification:_identify(yolo_train/dataset/bear_v1/valid) by extensions ['ros']
[0.162s] Level 1:colcon.colcon_core.package_identification:_identify(yolo_train/dataset/bear_v1/valid) by extension 'ros'
[0.162s] Level 1:colcon.colcon_core.package_identification:_identify(yolo_train/dataset/bear_v1/valid) by extensions ['cmake', 'python']
[0.162s] Level 1:colcon.colcon_core.package_identification:_identify(yolo_train/dataset/bear_v1/valid) by extension 'cmake'
[0.162s] Level 1:colcon.colcon_core.package_identification:_identify(yolo_train/dataset/bear_v1/valid) by extension 'python'
[0.162s] Level 1:colcon.colcon_core.package_identification:_identify(yolo_train/dataset/bear_v1/valid) by extensions ['python_setup_py']
[0.162s] Level 1:colcon.colcon_core.package_identification:_identify(yolo_train/dataset/bear_v1/valid) by extension 'python_setup_py'
[0.162s] Level 1:colcon.colcon_core.package_identification:_identify(yolo_train/dataset/bear_v1/valid/images) by extensions ['ignore', 'ignore_ament_install']
[0.162s] Level 1:colcon.colcon_core.package_identification:_identify(yolo_train/dataset/bear_v1/valid/images) by extension 'ignore'
[0.162s] Level 1:colcon.colcon_core.package_identification:_identify(yolo_train/dataset/bear_v1/valid/images) by extension 'ignore_ament_install'
[0.162s] Level 1:colcon.colcon_core.package_identification:_identify(yolo_train/dataset/bear_v1/valid/images) by extensions ['colcon_pkg']
[0.162s] Level 1:colcon.colcon_core.package_identification:_identify(yolo_train/dataset/bear_v1/valid/images) by extension 'colcon_pkg'
[0.162s] Level 1:colcon.colcon_core.package_identification:_identify(yolo_train/dataset/bear_v1/valid/images) by extensions ['colcon_meta']
[0.162s] Level 1:colcon.colcon_core.package_identification:_identify(yolo_train/dataset/bear_v1/valid/images) by extension 'colcon_meta'
[0.162s] Level 1:colcon.colcon_core.package_identification:_identify(yolo_train/dataset/bear_v1/valid/images) by extensions ['ros']
[0.162s] Level 1:colcon.colcon_core.package_identification:_identify(yolo_train/dataset/bear_v1/valid/images) by extension 'ros'
[0.162s] Level 1:colcon.colcon_core.package_identification:_identify(yolo_train/dataset/bear_v1/valid/images) by extensions ['cmake', 'python']
[0.162s] Level 1:colcon.colcon_core.package_identification:_identify(yolo_train/dataset/bear_v1/valid/images) by extension 'cmake'
[0.162s] Level 1:colcon.colcon_core.package_identification:_identify(yolo_train/dataset/bear_v1/valid/images) by extension 'python'
[0.162s] Level 1:colcon.colcon_core.package_identification:_identify(yolo_train/dataset/bear_v1/valid/images) by extensions ['python_setup_py']
[0.162s] Level 1:colcon.colcon_core.package_identification:_identify(yolo_train/dataset/bear_v1/valid/images) by extension 'python_setup_py'
[0.162s] Level 1:colcon.colcon_core.package_identification:_identify(yolo_train/dataset/bear_v1/valid/labels) by extensions ['ignore', 'ignore_ament_install']
[0.162s] Level 1:colcon.colcon_core.package_identification:_identify(yolo_train/dataset/bear_v1/valid/labels) by extension 'ignore'
[0.162s] Level 1:colcon.colcon_core.package_identification:_identify(yolo_train/dataset/bear_v1/valid/labels) by extension 'ignore_ament_install'
[0.162s] Level 1:colcon.colcon_core.package_identification:_identify(yolo_train/dataset/bear_v1/valid/labels) by extensions ['colcon_pkg']
[0.162s] Level 1:colcon.colcon_core.package_identification:_identify(yolo_train/dataset/bear_v1/valid/labels) by extension 'colcon_pkg'
[0.162s] Level 1:colcon.colcon_core.package_identification:_identify(yolo_train/dataset/bear_v1/valid/labels) by extensions ['colcon_meta']
[0.162s] Level 1:colcon.colcon_core.package_identification:_identify(yolo_train/dataset/bear_v1/valid/labels) by extension 'colcon_meta'
[0.162s] Level 1:colcon.colcon_core.package_identification:_identify(yolo_train/dataset/bear_v1/valid/labels) by extensions ['ros']
[0.162s] Level 1:colcon.colcon_core.package_identification:_identify(yolo_train/dataset/bear_v1/valid/labels) by extension 'ros'
[0.162s] Level 1:colcon.colcon_core.package_identification:_identify(yolo_train/dataset/bear_v1/valid/labels) by extensions ['cmake', 'python']
[0.162s] Level 1:colcon.colcon_core.package_identification:_identify(yolo_train/dataset/bear_v1/valid/labels) by extension 'cmake'
[0.162s] Level 1:colcon.colcon_core.package_identification:_identify(yolo_train/dataset/bear_v1/valid/labels) by extension 'python'
[0.162s] Level 1:colcon.colcon_core.package_identification:_identify(yolo_train/dataset/bear_v1/valid/labels) by extensions ['python_setup_py']
[0.162s] Level 1:colcon.colcon_core.package_identification:_identify(yolo_train/dataset/bear_v1/valid/labels) by extension 'python_setup_py'
[0.163s] Level 1:colcon.colcon_core.package_identification:_identify(yolo_train/runs) by extensions ['ignore', 'ignore_ament_install']
[0.163s] Level 1:colcon.colcon_core.package_identification:_identify(yolo_train/runs) by extension 'ignore'
[0.163s] Level 1:colcon.colcon_core.package_identification:_identify(yolo_train/runs) by extension 'ignore_ament_install'
[0.163s] Level 1:colcon.colcon_core.package_identification:_identify(yolo_train/runs) by extensions ['colcon_pkg']
[0.163s] Level 1:colcon.colcon_core.package_identification:_identify(yolo_train/runs) by extension 'colcon_pkg'
[0.163s] Level 1:colcon.colcon_core.package_identification:_identify(yolo_train/runs) by extensions ['colcon_meta']
[0.163s] Level 1:colcon.colcon_core.package_identification:_identify(yolo_train/runs) by extension 'colcon_meta'
[0.163s] Level 1:colcon.colcon_core.package_identification:_identify(yolo_train/runs) by extensions ['ros']
[0.163s] Level 1:colcon.colcon_core.package_identification:_identify(yolo_train/runs) by extension 'ros'
[0.163s] Level 1:colcon.colcon_core.package_identification:_identify(yolo_train/runs) by extensions ['cmake', 'python']
[0.163s] Level 1:colcon.colcon_core.package_identification:_identify(yolo_train/runs) by extension 'cmake'
[0.163s] Level 1:colcon.colcon_core.package_identification:_identify(yolo_train/runs) by extension 'python'
[0.163s] Level 1:colcon.colcon_core.package_identification:_identify(yolo_train/runs) by extensions ['python_setup_py']
[0.163s] Level 1:colcon.colcon_core.package_identification:_identify(yolo_train/runs) by extension 'python_setup_py'
[0.163s] Level 1:colcon.colcon_core.package_identification:_identify(yolo_train/runs/detect) by extensions ['ignore', 'ignore_ament_install']
[0.163s] Level 1:colcon.colcon_core.package_identification:_identify(yolo_train/runs/detect) by extension 'ignore'
[0.163s] Level 1:colcon.colcon_core.package_identification:_identify(yolo_train/runs/detect) by extension 'ignore_ament_install'
[0.163s] Level 1:colcon.colcon_core.package_identification:_identify(yolo_train/runs/detect) by extensions ['colcon_pkg']
[0.163s] Level 1:colcon.colcon_core.package_identification:_identify(yolo_train/runs/detect) by extension 'colcon_pkg'
[0.163s] Level 1:colcon.colcon_core.package_identification:_identify(yolo_train/runs/detect) by extensions ['colcon_meta']
[0.163s] Level 1:colcon.colcon_core.package_identification:_identify(yolo_train/runs/detect) by extension 'colcon_meta'
[0.163s] Level 1:colcon.colcon_core.package_identification:_identify(yolo_train/runs/detect) by extensions ['ros']
[0.163s] Level 1:colcon.colcon_core.package_identification:_identify(yolo_train/runs/detect) by extension 'ros'
[0.163s] Level 1:colcon.colcon_core.package_identification:_identify(yolo_train/runs/detect) by extensions ['cmake', 'python']
[0.163s] Level 1:colcon.colcon_core.package_identification:_identify(yolo_train/runs/detect) by extension 'cmake'
[0.163s] Level 1:colcon.colcon_core.package_identification:_identify(yolo_train/runs/detect) by extension 'python'
[0.163s] Level 1:colcon.colcon_core.package_identification:_identify(yolo_train/runs/detect) by extensions ['python_setup_py']
[0.163s] Level 1:colcon.colcon_core.package_identification:_identify(yolo_train/runs/detect) by extension 'python_setup_py'
[0.163s] Level 1:colcon.colcon_core.package_identification:_identify(yolo_train/runs/detect/yolo_bear_aug) by extensions ['ignore', 'ignore_ament_install']
[0.163s] Level 1:colcon.colcon_core.package_identification:_identify(yolo_train/runs/detect/yolo_bear_aug) by extension 'ignore'
[0.163s] Level 1:colcon.colcon_core.package_identification:_identify(yolo_train/runs/detect/yolo_bear_aug) by extension 'ignore_ament_install'
[0.163s] Level 1:colcon.colcon_core.package_identification:_identify(yolo_train/runs/detect/yolo_bear_aug) by extensions ['colcon_pkg']
[0.163s] Level 1:colcon.colcon_core.package_identification:_identify(yolo_train/runs/detect/yolo_bear_aug) by extension 'colcon_pkg'
[0.163s] Level 1:colcon.colcon_core.package_identification:_identify(yolo_train/runs/detect/yolo_bear_aug) by extensions ['colcon_meta']
[0.163s] Level 1:colcon.colcon_core.package_identification:_identify(yolo_train/runs/detect/yolo_bear_aug) by extension 'colcon_meta'
[0.163s] Level 1:colcon.colcon_core.package_identification:_identify(yolo_train/runs/detect/yolo_bear_aug) by extensions ['ros']
[0.163s] Level 1:colcon.colcon_core.package_identification:_identify(yolo_train/runs/detect/yolo_bear_aug) by extension 'ros'
[0.163s] Level 1:colcon.colcon_core.package_identification:_identify(yolo_train/runs/detect/yolo_bear_aug) by extensions ['cmake', 'python']
[0.163s] Level 1:colcon.colcon_core.package_identification:_identify(yolo_train/runs/detect/yolo_bear_aug) by extension 'cmake'
[0.163s] Level 1:colcon.colcon_core.package_identification:_identify(yolo_train/runs/detect/yolo_bear_aug) by extension 'python'
[0.163s] Level 1:colcon.colcon_core.package_identification:_identify(yolo_train/runs/detect/yolo_bear_aug) by extensions ['python_setup_py']
[0.163s] Level 1:colcon.colcon_core.package_identification:_identify(yolo_train/runs/detect/yolo_bear_aug) by extension 'python_setup_py'
[0.163s] Level 1:colcon.colcon_core.package_identification:_identify(yolo_train/runs/detect/yolo_bear_aug/weights) by extensions ['ignore', 'ignore_ament_install']
[0.163s] Level 1:colcon.colcon_core.package_identification:_identify(yolo_train/runs/detect/yolo_bear_aug/weights) by extension 'ignore'
[0.163s] Level 1:colcon.colcon_core.package_identification:_identify(yolo_train/runs/detect/yolo_bear_aug/weights) by extension 'ignore_ament_install'
[0.163s] Level 1:colcon.colcon_core.package_identification:_identify(yolo_train/runs/detect/yolo_bear_aug/weights) by extensions ['colcon_pkg']
[0.163s] Level 1:colcon.colcon_core.package_identification:_identify(yolo_train/runs/detect/yolo_bear_aug/weights) by extension 'colcon_pkg'
[0.163s] Level 1:colcon.colcon_core.package_identification:_identify(yolo_train/runs/detect/yolo_bear_aug/weights) by extensions ['colcon_meta']
[0.163s] Level 1:colcon.colcon_core.package_identification:_identify(yolo_train/runs/detect/yolo_bear_aug/weights) by extension 'colcon_meta'
[0.163s] Level 1:colcon.colcon_core.package_identification:_identify(yolo_train/runs/detect/yolo_bear_aug/weights) by extensions ['ros']
[0.163s] Level 1:colcon.colcon_core.package_identification:_identify(yolo_train/runs/detect/yolo_bear_aug/weights) by extension 'ros'
[0.164s] Level 1:colcon.colcon_core.package_identification:_identify(yolo_train/runs/detect/yolo_bear_aug/weights) by extensions ['cmake', 'python']
[0.164s] Level 1:colcon.colcon_core.package_identification:_identify(yolo_train/runs/detect/yolo_bear_aug/weights) by extension 'cmake'
[0.164s] Level 1:colcon.colcon_core.package_identification:_identify(yolo_train/runs/detect/yolo_bear_aug/weights) by extension 'python'
[0.164s] Level 1:colcon.colcon_core.package_identification:_identify(yolo_train/runs/detect/yolo_bear_aug/weights) by extensions ['python_setup_py']
[0.164s] Level 1:colcon.colcon_core.package_identification:_identify(yolo_train/runs/detect/yolo_bear_aug/weights) by extension 'python_setup_py'
[0.164s] Level 1:colcon.colcon_core.package_identification:_identify(yolo_train/runs/detect/yolo_bear_aug-2) by extensions ['ignore', 'ignore_ament_install']
[0.164s] Level 1:colcon.colcon_core.package_identification:_identify(yolo_train/runs/detect/yolo_bear_aug-2) by extension 'ignore'
[0.164s] Level 1:colcon.colcon_core.package_identification:_identify(yolo_train/runs/detect/yolo_bear_aug-2) by extension 'ignore_ament_install'
[0.164s] Level 1:colcon.colcon_core.package_identification:_identify(yolo_train/runs/detect/yolo_bear_aug-2) by extensions ['colcon_pkg']
[0.164s] Level 1:colcon.colcon_core.package_identification:_identify(yolo_train/runs/detect/yolo_bear_aug-2) by extension 'colcon_pkg'
[0.164s] Level 1:colcon.colcon_core.package_identification:_identify(yolo_train/runs/detect/yolo_bear_aug-2) by extensions ['colcon_meta']
[0.164s] Level 1:colcon.colcon_core.package_identification:_identify(yolo_train/runs/detect/yolo_bear_aug-2) by extension 'colcon_meta'
[0.164s] Level 1:colcon.colcon_core.package_identification:_identify(yolo_train/runs/detect/yolo_bear_aug-2) by extensions ['ros']
[0.164s] Level 1:colcon.colcon_core.package_identification:_identify(yolo_train/runs/detect/yolo_bear_aug-2) by extension 'ros'
[0.164s] Level 1:colcon.colcon_core.package_identification:_identify(yolo_train/runs/detect/yolo_bear_aug-2) by extensions ['cmake', 'python']
[0.164s] Level 1:colcon.colcon_core.package_identification:_identify(yolo_train/runs/detect/yolo_bear_aug-2) by extension 'cmake'
[0.164s] Level 1:colcon.colcon_core.package_identification:_identify(yolo_train/runs/detect/yolo_bear_aug-2) by extension 'python'
[0.164s] Level 1:colcon.colcon_core.package_identification:_identify(yolo_train/runs/detect/yolo_bear_aug-2) by extensions ['python_setup_py']
[0.164s] Level 1:colcon.colcon_core.package_identification:_identify(yolo_train/runs/detect/yolo_bear_aug-2) by extension 'python_setup_py'
[0.164s] Level 1:colcon.colcon_core.package_identification:_identify(yolo_train/runs/detect/yolo_bear_aug-2/weights) by extensions ['ignore', 'ignore_ament_install']
[0.164s] Level 1:colcon.colcon_core.package_identification:_identify(yolo_train/runs/detect/yolo_bear_aug-2/weights) by extension 'ignore'
[0.164s] Level 1:colcon.colcon_core.package_identification:_identify(yolo_train/runs/detect/yolo_bear_aug-2/weights) by extension 'ignore_ament_install'
[0.164s] Level 1:colcon.colcon_core.package_identification:_identify(yolo_train/runs/detect/yolo_bear_aug-2/weights) by extensions ['colcon_pkg']
[0.164s] Level 1:colcon.colcon_core.package_identification:_identify(yolo_train/runs/detect/yolo_bear_aug-2/weights) by extension 'colcon_pkg'
[0.164s] Level 1:colcon.colcon_core.package_identification:_identify(yolo_train/runs/detect/yolo_bear_aug-2/weights) by extensions ['colcon_meta']
[0.164s] Level 1:colcon.colcon_core.package_identification:_identify(yolo_train/runs/detect/yolo_bear_aug-2/weights) by extension 'colcon_meta'
[0.164s] Level 1:colcon.colcon_core.package_identification:_identify(yolo_train/runs/detect/yolo_bear_aug-2/weights) by extensions ['ros']
[0.164s] Level 1:colcon.colcon_core.package_identification:_identify(yolo_train/runs/detect/yolo_bear_aug-2/weights) by extension 'ros'
[0.164s] Level 1:colcon.colcon_core.package_identification:_identify(yolo_train/runs/detect/yolo_bear_aug-2/weights) by extensions ['cmake', 'python']
[0.164s] Level 1:colcon.colcon_core.package_identification:_identify(yolo_train/runs/detect/yolo_bear_aug-2/weights) by extension 'cmake'
[0.164s] Level 1:colcon.colcon_core.package_identification:_identify(yolo_train/runs/detect/yolo_bear_aug-2/weights) by extension 'python'
[0.164s] Level 1:colcon.colcon_core.package_identification:_identify(yolo_train/runs/detect/yolo_bear_aug-2/weights) by extensions ['python_setup_py']
[0.164s] Level 1:colcon.colcon_core.package_identification:_identify(yolo_train/runs/detect/yolo_bear_aug-2/weights) by extension 'python_setup_py'
[0.164s] Level 1:colcon.colcon_core.package_identification:_identify(yolo_train/runs/detect/yolo_bear_aug-3) by extensions ['ignore', 'ignore_ament_install']
[0.164s] Level 1:colcon.colcon_core.package_identification:_identify(yolo_train/runs/detect/yolo_bear_aug-3) by extension 'ignore'
[0.164s] Level 1:colcon.colcon_core.package_identification:_identify(yolo_train/runs/detect/yolo_bear_aug-3) by extension 'ignore_ament_install'
[0.164s] Level 1:colcon.colcon_core.package_identification:_identify(yolo_train/runs/detect/yolo_bear_aug-3) by extensions ['colcon_pkg']
[0.164s] Level 1:colcon.colcon_core.package_identification:_identify(yolo_train/runs/detect/yolo_bear_aug-3) by extension 'colcon_pkg'
[0.164s] Level 1:colcon.colcon_core.package_identification:_identify(yolo_train/runs/detect/yolo_bear_aug-3) by extensions ['colcon_meta']
[0.164s] Level 1:colcon.colcon_core.package_identification:_identify(yolo_train/runs/detect/yolo_bear_aug-3) by extension 'colcon_meta'
[0.164s] Level 1:colcon.colcon_core.package_identification:_identify(yolo_train/runs/detect/yolo_bear_aug-3) by extensions ['ros']
[0.164s] Level 1:colcon.colcon_core.package_identification:_identify(yolo_train/runs/detect/yolo_bear_aug-3) by extension 'ros'
[0.164s] Level 1:colcon.colcon_core.package_identification:_identify(yolo_train/runs/detect/yolo_bear_aug-3) by extensions ['cmake', 'python']
[0.164s] Level 1:colcon.colcon_core.package_identification:_identify(yolo_train/runs/detect/yolo_bear_aug-3) by extension 'cmake'
[0.164s] Level 1:colcon.colcon_core.package_identification:_identify(yolo_train/runs/detect/yolo_bear_aug-3) by extension 'python'
[0.164s] Level 1:colcon.colcon_core.package_identification:_identify(yolo_train/runs/detect/yolo_bear_aug-3) by extensions ['python_setup_py']
[0.164s] Level 1:colcon.colcon_core.package_identification:_identify(yolo_train/runs/detect/yolo_bear_aug-3) by extension 'python_setup_py'
[0.164s] Level 1:colcon.colcon_core.package_identification:_identify(yolo_train/runs/detect/yolo_bear_aug-3/weights) by extensions ['ignore', 'ignore_ament_install']
[0.164s] Level 1:colcon.colcon_core.package_identification:_identify(yolo_train/runs/detect/yolo_bear_aug-3/weights) by extension 'ignore'
[0.164s] Level 1:colcon.colcon_core.package_identification:_identify(yolo_train/runs/detect/yolo_bear_aug-3/weights) by extension 'ignore_ament_install'
[0.165s] Level 1:colcon.colcon_core.package_identification:_identify(yolo_train/runs/detect/yolo_bear_aug-3/weights) by extensions ['colcon_pkg']
[0.165s] Level 1:colcon.colcon_core.package_identification:_identify(yolo_train/runs/detect/yolo_bear_aug-3/weights) by extension 'colcon_pkg'
[0.165s] Level 1:colcon.colcon_core.package_identification:_identify(yolo_train/runs/detect/yolo_bear_aug-3/weights) by extensions ['colcon_meta']
[0.165s] Level 1:colcon.colcon_core.package_identification:_identify(yolo_train/runs/detect/yolo_bear_aug-3/weights) by extension 'colcon_meta'
[0.165s] Level 1:colcon.colcon_core.package_identification:_identify(yolo_train/runs/detect/yolo_bear_aug-3/weights) by extensions ['ros']
[0.165s] Level 1:colcon.colcon_core.package_identification:_identify(yolo_train/runs/detect/yolo_bear_aug-3/weights) by extension 'ros'
[0.165s] Level 1:colcon.colcon_core.package_identification:_identify(yolo_train/runs/detect/yolo_bear_aug-3/weights) by extensions ['cmake', 'python']
[0.165s] Level 1:colcon.colcon_core.package_identification:_identify(yolo_train/runs/detect/yolo_bear_aug-3/weights) by extension 'cmake'
[0.165s] Level 1:colcon.colcon_core.package_identification:_identify(yolo_train/runs/detect/yolo_bear_aug-3/weights) by extension 'python'
[0.165s] Level 1:colcon.colcon_core.package_identification:_identify(yolo_train/runs/detect/yolo_bear_aug-3/weights) by extensions ['python_setup_py']
[0.165s] Level 1:colcon.colcon_core.package_identification:_identify(yolo_train/runs/detect/yolo_bear_aug-3/weights) by extension 'python_setup_py'
[0.165s] Level 1:colcon.colcon_core.package_identification:_identify(yolo_train/runs/detect/yolo_bear_aug-4) by extensions ['ignore', 'ignore_ament_install']
[0.165s] Level 1:colcon.colcon_core.package_identification:_identify(yolo_train/runs/detect/yolo_bear_aug-4) by extension 'ignore'
[0.165s] Level 1:colcon.colcon_core.package_identification:_identify(yolo_train/runs/detect/yolo_bear_aug-4) by extension 'ignore_ament_install'
[0.165s] Level 1:colcon.colcon_core.package_identification:_identify(yolo_train/runs/detect/yolo_bear_aug-4) by extensions ['colcon_pkg']
[0.165s] Level 1:colcon.colcon_core.package_identification:_identify(yolo_train/runs/detect/yolo_bear_aug-4) by extension 'colcon_pkg'
[0.165s] Level 1:colcon.colcon_core.package_identification:_identify(yolo_train/runs/detect/yolo_bear_aug-4) by extensions ['colcon_meta']
[0.165s] Level 1:colcon.colcon_core.package_identification:_identify(yolo_train/runs/detect/yolo_bear_aug-4) by extension 'colcon_meta'
[0.165s] Level 1:colcon.colcon_core.package_identification:_identify(yolo_train/runs/detect/yolo_bear_aug-4) by extensions ['ros']
[0.165s] Level 1:colcon.colcon_core.package_identification:_identify(yolo_train/runs/detect/yolo_bear_aug-4) by extension 'ros'
[0.165s] Level 1:colcon.colcon_core.package_identification:_identify(yolo_train/runs/detect/yolo_bear_aug-4) by extensions ['cmake', 'python']
[0.165s] Level 1:colcon.colcon_core.package_identification:_identify(yolo_train/runs/detect/yolo_bear_aug-4) by extension 'cmake'
[0.165s] Level 1:colcon.colcon_core.package_identification:_identify(yolo_train/runs/detect/yolo_bear_aug-4) by extension 'python'
[0.165s] Level 1:colcon.colcon_core.package_identification:_identify(yolo_train/runs/detect/yolo_bear_aug-4) by extensions ['python_setup_py']
[0.165s] Level 1:colcon.colcon_core.package_identification:_identify(yolo_train/runs/detect/yolo_bear_aug-4) by extension 'python_setup_py'
[0.165s] Level 1:colcon.colcon_core.package_identification:_identify(yolo_train/runs/detect/yolo_bear_aug-4/weights) by extensions ['ignore', 'ignore_ament_install']
[0.165s] Level 1:colcon.colcon_core.package_identification:_identify(yolo_train/runs/detect/yolo_bear_aug-4/weights) by extension 'ignore'
[0.165s] Level 1:colcon.colcon_core.package_identification:_identify(yolo_train/runs/detect/yolo_bear_aug-4/weights) by extension 'ignore_ament_install'
[0.165s] Level 1:colcon.colcon_core.package_identification:_identify(yolo_train/runs/detect/yolo_bear_aug-4/weights) by extensions ['colcon_pkg']
[0.165s] Level 1:colcon.colcon_core.package_identification:_identify(yolo_train/runs/detect/yolo_bear_aug-4/weights) by extension 'colcon_pkg'
[0.165s] Level 1:colcon.colcon_core.package_identification:_identify(yolo_train/runs/detect/yolo_bear_aug-4/weights) by extensions ['colcon_meta']
[0.165s] Level 1:colcon.colcon_core.package_identification:_identify(yolo_train/runs/detect/yolo_bear_aug-4/weights) by extension 'colcon_meta'
[0.165s] Level 1:colcon.colcon_core.package_identification:_identify(yolo_train/runs/detect/yolo_bear_aug-4/weights) by extensions ['ros']
[0.165s] Level 1:colcon.colcon_core.package_identification:_identify(yolo_train/runs/detect/yolo_bear_aug-4/weights) by extension 'ros'
[0.165s] Level 1:colcon.colcon_core.package_identification:_identify(yolo_train/runs/detect/yolo_bear_aug-4/weights) by extensions ['cmake', 'python']
[0.165s] Level 1:colcon.colcon_core.package_identification:_identify(yolo_train/runs/detect/yolo_bear_aug-4/weights) by extension 'cmake'
[0.165s] Level 1:colcon.colcon_core.package_identification:_identify(yolo_train/runs/detect/yolo_bear_aug-4/weights) by extension 'python'
[0.165s] Level 1:colcon.colcon_core.package_identification:_identify(yolo_train/runs/detect/yolo_bear_aug-4/weights) by extensions ['python_setup_py']
[0.165s] Level 1:colcon.colcon_core.package_identification:_identify(yolo_train/runs/detect/yolo_bear_aug-4/weights) by extension 'python_setup_py'
[0.165s] Level 1:colcon.colcon_core.package_identification:_identify(yolo_train/runs/detect/yolo_bear_aug-5) by extensions ['ignore', 'ignore_ament_install']
[0.165s] Level 1:colcon.colcon_core.package_identification:_identify(yolo_train/runs/detect/yolo_bear_aug-5) by extension 'ignore'
[0.165s] Level 1:colcon.colcon_core.package_identification:_identify(yolo_train/runs/detect/yolo_bear_aug-5) by extension 'ignore_ament_install'
[0.165s] Level 1:colcon.colcon_core.package_identification:_identify(yolo_train/runs/detect/yolo_bear_aug-5) by extensions ['colcon_pkg']
[0.165s] Level 1:colcon.colcon_core.package_identification:_identify(yolo_train/runs/detect/yolo_bear_aug-5) by extension 'colcon_pkg'
[0.165s] Level 1:colcon.colcon_core.package_identification:_identify(yolo_train/runs/detect/yolo_bear_aug-5) by extensions ['colcon_meta']
[0.165s] Level 1:colcon.colcon_core.package_identification:_identify(yolo_train/runs/detect/yolo_bear_aug-5) by extension 'colcon_meta'
[0.165s] Level 1:colcon.colcon_core.package_identification:_identify(yolo_train/runs/detect/yolo_bear_aug-5) by extensions ['ros']
[0.165s] Level 1:colcon.colcon_core.package_identification:_identify(yolo_train/runs/detect/yolo_bear_aug-5) by extension 'ros'
[0.165s] Level 1:colcon.colcon_core.package_identification:_identify(yolo_train/runs/detect/yolo_bear_aug-5) by extensions ['cmake', 'python']
[0.165s] Level 1:colcon.colcon_core.package_identification:_identify(yolo_train/runs/detect/yolo_bear_aug-5) by extension 'cmake'
[0.165s] Level 1:colcon.colcon_core.package_identification:_identify(yolo_train/runs/detect/yolo_bear_aug-5) by extension 'python'
[0.165s] Level 1:colcon.colcon_core.package_identification:_identify(yolo_train/runs/detect/yolo_bear_aug-5) by extensions ['python_setup_py']
[0.165s] Level 1:colcon.colcon_core.package_identification:_identify(yolo_train/runs/detect/yolo_bear_aug-5) by extension 'python_setup_py'
[0.166s] Level 1:colcon.colcon_core.package_identification:_identify(yolo_train/runs/detect/yolo_bear_aug-5/weights) by extensions ['ignore', 'ignore_ament_install']
[0.166s] Level 1:colcon.colcon_core.package_identification:_identify(yolo_train/runs/detect/yolo_bear_aug-5/weights) by extension 'ignore'
[0.166s] Level 1:colcon.colcon_core.package_identification:_identify(yolo_train/runs/detect/yolo_bear_aug-5/weights) by extension 'ignore_ament_install'
[0.166s] Level 1:colcon.colcon_core.package_identification:_identify(yolo_train/runs/detect/yolo_bear_aug-5/weights) by extensions ['colcon_pkg']
[0.166s] Level 1:colcon.colcon_core.package_identification:_identify(yolo_train/runs/detect/yolo_bear_aug-5/weights) by extension 'colcon_pkg'
[0.166s] Level 1:colcon.colcon_core.package_identification:_identify(yolo_train/runs/detect/yolo_bear_aug-5/weights) by extensions ['colcon_meta']
[0.166s] Level 1:colcon.colcon_core.package_identification:_identify(yolo_train/runs/detect/yolo_bear_aug-5/weights) by extension 'colcon_meta'
[0.166s] Level 1:colcon.colcon_core.package_identification:_identify(yolo_train/runs/detect/yolo_bear_aug-5/weights) by extensions ['ros']
[0.166s] Level 1:colcon.colcon_core.package_identification:_identify(yolo_train/runs/detect/yolo_bear_aug-5/weights) by extension 'ros'
[0.166s] Level 1:colcon.colcon_core.package_identification:_identify(yolo_train/runs/detect/yolo_bear_aug-5/weights) by extensions ['cmake', 'python']
[0.166s] Level 1:colcon.colcon_core.package_identification:_identify(yolo_train/runs/detect/yolo_bear_aug-5/weights) by extension 'cmake'
[0.166s] Level 1:colcon.colcon_core.package_identification:_identify(yolo_train/runs/detect/yolo_bear_aug-5/weights) by extension 'python'
[0.166s] Level 1:colcon.colcon_core.package_identification:_identify(yolo_train/runs/detect/yolo_bear_aug-5/weights) by extensions ['python_setup_py']
[0.166s] Level 1:colcon.colcon_core.package_identification:_identify(yolo_train/runs/detect/yolo_bear_aug-5/weights) by extension 'python_setup_py'
[0.166s] Level 1:colcon.colcon_core.package_identification:_identify(yolo_train/runs/detect/yolo_bear_aug-6) by extensions ['ignore', 'ignore_ament_install']
[0.166s] Level 1:colcon.colcon_core.package_identification:_identify(yolo_train/runs/detect/yolo_bear_aug-6) by extension 'ignore'
[0.166s] Level 1:colcon.colcon_core.package_identification:_identify(yolo_train/runs/detect/yolo_bear_aug-6) by extension 'ignore_ament_install'
[0.166s] Level 1:colcon.colcon_core.package_identification:_identify(yolo_train/runs/detect/yolo_bear_aug-6) by extensions ['colcon_pkg']
[0.166s] Level 1:colcon.colcon_core.package_identification:_identify(yolo_train/runs/detect/yolo_bear_aug-6) by extension 'colcon_pkg'
[0.166s] Level 1:colcon.colcon_core.package_identification:_identify(yolo_train/runs/detect/yolo_bear_aug-6) by extensions ['colcon_meta']
[0.166s] Level 1:colcon.colcon_core.package_identification:_identify(yolo_train/runs/detect/yolo_bear_aug-6) by extension 'colcon_meta'
[0.166s] Level 1:colcon.colcon_core.package_identification:_identify(yolo_train/runs/detect/yolo_bear_aug-6) by extensions ['ros']
[0.166s] Level 1:colcon.colcon_core.package_identification:_identify(yolo_train/runs/detect/yolo_bear_aug-6) by extension 'ros'
[0.166s] Level 1:colcon.colcon_core.package_identification:_identify(yolo_train/runs/detect/yolo_bear_aug-6) by extensions ['cmake', 'python']
[0.166s] Level 1:colcon.colcon_core.package_identification:_identify(yolo_train/runs/detect/yolo_bear_aug-6) by extension 'cmake'
[0.166s] Level 1:colcon.colcon_core.package_identification:_identify(yolo_train/runs/detect/yolo_bear_aug-6) by extension 'python'
[0.166s] Level 1:colcon.colcon_core.package_identification:_identify(yolo_train/runs/detect/yolo_bear_aug-6) by extensions ['python_setup_py']
[0.166s] Level 1:colcon.colcon_core.package_identification:_identify(yolo_train/runs/detect/yolo_bear_aug-6) by extension 'python_setup_py'
[0.166s] Level 1:colcon.colcon_core.package_identification:_identify(yolo_train/runs/detect/yolo_bear_aug-6/weights) by extensions ['ignore', 'ignore_ament_install']
[0.166s] Level 1:colcon.colcon_core.package_identification:_identify(yolo_train/runs/detect/yolo_bear_aug-6/weights) by extension 'ignore'
[0.166s] Level 1:colcon.colcon_core.package_identification:_identify(yolo_train/runs/detect/yolo_bear_aug-6/weights) by extension 'ignore_ament_install'
[0.166s] Level 1:colcon.colcon_core.package_identification:_identify(yolo_train/runs/detect/yolo_bear_aug-6/weights) by extensions ['colcon_pkg']
[0.166s] Level 1:colcon.colcon_core.package_identification:_identify(yolo_train/runs/detect/yolo_bear_aug-6/weights) by extension 'colcon_pkg'
[0.166s] Level 1:colcon.colcon_core.package_identification:_identify(yolo_train/runs/detect/yolo_bear_aug-6/weights) by extensions ['colcon_meta']
[0.166s] Level 1:colcon.colcon_core.package_identification:_identify(yolo_train/runs/detect/yolo_bear_aug-6/weights) by extension 'colcon_meta'
[0.166s] Level 1:colcon.colcon_core.package_identification:_identify(yolo_train/runs/detect/yolo_bear_aug-6/weights) by extensions ['ros']
[0.166s] Level 1:colcon.colcon_core.package_identification:_identify(yolo_train/runs/detect/yolo_bear_aug-6/weights) by extension 'ros'
[0.166s] Level 1:colcon.colcon_core.package_identification:_identify(yolo_train/runs/detect/yolo_bear_aug-6/weights) by extensions ['cmake', 'python']
[0.166s] Level 1:colcon.colcon_core.package_identification:_identify(yolo_train/runs/detect/yolo_bear_aug-6/weights) by extension 'cmake'
[0.166s] Level 1:colcon.colcon_core.package_identification:_identify(yolo_train/runs/detect/yolo_bear_aug-6/weights) by extension 'python'
[0.166s] Level 1:colcon.colcon_core.package_identification:_identify(yolo_train/runs/detect/yolo_bear_aug-6/weights) by extensions ['python_setup_py']
[0.166s] Level 1:colcon.colcon_core.package_identification:_identify(yolo_train/runs/detect/yolo_bear_aug-6/weights) by extension 'python_setup_py'
[0.166s] Level 1:colcon.colcon_core.package_discovery:discover_packages(recursive) using defaults
[0.166s] Level 1:colcon.colcon_core.package_discovery:discover_packages(ignore) discover
[0.166s] Level 1:colcon.colcon_core.package_discovery:discover_packages(ignore) using defaults
[0.166s] Level 1:colcon.colcon_core.package_discovery:discover_packages(path) discover
[0.166s] Level 1:colcon.colcon_core.package_discovery:discover_packages(path) using defaults
[0.177s] Level 5:colcon.colcon_core.verb:set package 'my_car' build argument 'cmake_args' from command line to 'None'
[0.177s] Level 5:colcon.colcon_core.verb:set package 'my_car' build argument 'cmake_target' from command line to 'None'
[0.177s] Level 5:colcon.colcon_core.verb:set package 'my_car' build argument 'cmake_target_skip_unavailable' from command line to 'False'
[0.177s] Level 5:colcon.colcon_core.verb:set package 'my_car' build argument 'cmake_clean_cache' from command line to 'False'
[0.177s] Level 5:colcon.colcon_core.verb:set package 'my_car' build argument 'cmake_clean_first' from command line to 'False'
[0.177s] Level 5:colcon.colcon_core.verb:set package 'my_car' build argument 'cmake_force_configure' from command line to 'False'
[0.177s] Level 5:colcon.colcon_core.verb:set package 'my_car' build argument 'ament_cmake_args' from command line to 'None'
[0.177s] Level 5:colcon.colcon_core.verb:set package 'my_car' build argument 'catkin_cmake_args' from command line to 'None'
[0.177s] Level 5:colcon.colcon_core.verb:set package 'my_car' build argument 'catkin_skip_building_tests' from command line to 'False'
[0.177s] DEBUG:colcon.colcon_core.verb:Building package 'my_car' with the following arguments: {'ament_cmake_args': None, 'build_base': '/ros2_ws/build/my_car', 'catkin_cmake_args': None, 'catkin_skip_building_tests': False, 'cmake_args': None, 'cmake_clean_cache': False, 'cmake_clean_first': False, 'cmake_force_configure': False, 'cmake_target': None, 'cmake_target_skip_unavailable': False, 'install_base': '/ros2_ws/install/my_car', 'merge_install': False, 'path': '/ros2_ws/my_car', 'symlink_install': True, 'test_result_base': None}
[0.177s] Level 5:colcon.colcon_core.verb:set package 'my_control' build argument 'cmake_args' from command line to 'None'
[0.177s] Level 5:colcon.colcon_core.verb:set package 'my_control' build argument 'cmake_target' from command line to 'None'
[0.177s] Level 5:colcon.colcon_core.verb:set package 'my_control' build argument 'cmake_target_skip_unavailable' from command line to 'False'
[0.177s] Level 5:colcon.colcon_core.verb:set package 'my_control' build argument 'cmake_clean_cache' from command line to 'False'
[0.178s] Level 5:colcon.colcon_core.verb:set package 'my_control' build argument 'cmake_clean_first' from command line to 'False'
[0.178s] Level 5:colcon.colcon_core.verb:set package 'my_control' build argument 'cmake_force_configure' from command line to 'False'
[0.178s] Level 5:colcon.colcon_core.verb:set package 'my_control' build argument 'ament_cmake_args' from command line to 'None'
[0.178s] Level 5:colcon.colcon_core.verb:set package 'my_control' build argument 'catkin_cmake_args' from command line to 'None'
[0.178s] Level 5:colcon.colcon_core.verb:set package 'my_control' build argument 'catkin_skip_building_tests' from command line to 'False'
[0.178s] DEBUG:colcon.colcon_core.verb:Building package 'my_control' with the following arguments: {'ament_cmake_args': None, 'build_base': '/ros2_ws/build/my_control', 'catkin_cmake_args': None, 'catkin_skip_building_tests': False, 'cmake_args': None, 'cmake_clean_cache': False, 'cmake_clean_first': False, 'cmake_force_configure': False, 'cmake_target': None, 'cmake_target_skip_unavailable': False, 'install_base': '/ros2_ws/install/my_control', 'merge_install': False, 'path': '/ros2_ws/src/my_control', 'symlink_install': True, 'test_result_base': None}
[0.178s] Level 5:colcon.colcon_core.verb:set package 'my_yolo' build argument 'cmake_args' from command line to 'None'
[0.178s] Level 5:colcon.colcon_core.verb:set package 'my_yolo' build argument 'cmake_target' from command line to 'None'
[0.178s] Level 5:colcon.colcon_core.verb:set package 'my_yolo' build argument 'cmake_target_skip_unavailable' from command line to 'False'
[0.178s] Level 5:colcon.colcon_core.verb:set package 'my_yolo' build argument 'cmake_clean_cache' from command line to 'False'
[0.178s] Level 5:colcon.colcon_core.verb:set package 'my_yolo' build argument 'cmake_clean_first' from command line to 'False'
[0.178s] Level 5:colcon.colcon_core.verb:set package 'my_yolo' build argument 'cmake_force_configure' from command line to 'False'
[0.178s] Level 5:colcon.colcon_core.verb:set package 'my_yolo' build argument 'ament_cmake_args' from command line to 'None'
[0.178s] Level 5:colcon.colcon_core.verb:set package 'my_yolo' build argument 'catkin_cmake_args' from command line to 'None'
[0.178s] Level 5:colcon.colcon_core.verb:set package 'my_yolo' build argument 'catkin_skip_building_tests' from command line to 'False'
[0.178s] DEBUG:colcon.colcon_core.verb:Building package 'my_yolo' with the following arguments: {'ament_cmake_args': None, 'build_base': '/ros2_ws/build/my_yolo', 'catkin_cmake_args': None, 'catkin_skip_building_tests': False, 'cmake_args': None, 'cmake_clean_cache': False, 'cmake_clean_first': False, 'cmake_force_configure': False, 'cmake_target': None, 'cmake_target_skip_unavailable': False, 'install_base': '/ros2_ws/install/my_yolo', 'merge_install': False, 'path': '/ros2_ws/src/my_yolo', 'symlink_install': True, 'test_result_base': None}
[0.178s] INFO:colcon.colcon_core.executor:Executing jobs using 'parallel' executor
[0.178s] DEBUG:colcon.colcon_parallel_executor.executor.parallel:run_until_complete
[0.178s] INFO:colcon.colcon_ros.task.ament_python.build:Building ROS package in '/ros2_ws/my_car' with build type 'ament_python'
[0.179s] Level 1:colcon.colcon_core.shell:create_environment_hook('my_car', 'ament_prefix_path')
[0.180s] INFO:colcon.colcon_core.plugin_system:Skipping extension 'colcon_core.shell.bat': Not used on non-Windows systems
[0.180s] INFO:colcon.colcon_core.shell:Creating environment hook '/ros2_ws/install/my_car/share/my_car/hook/ament_prefix_path.ps1'
[0.181s] INFO:colcon.colcon_core.shell:Creating environment descriptor '/ros2_ws/install/my_car/share/my_car/hook/ament_prefix_path.dsv'
[0.181s] INFO:colcon.colcon_core.shell:Creating environment hook '/ros2_ws/install/my_car/share/my_car/hook/ament_prefix_path.sh'
[0.181s] INFO:colcon.colcon_core.shell:Skip shell extension 'powershell' for command environment: Not usable outside of PowerShell
[0.181s] DEBUG:colcon.colcon_core.shell:Skip shell extension 'dsv' for command environment
[0.183s] INFO:colcon.colcon_ros.task.ament_python.build:Building ROS package in '/ros2_ws/src/my_control' with build type 'ament_python'
[0.184s] Level 1:colcon.colcon_core.shell:create_environment_hook('my_control', 'ament_prefix_path')
[0.184s] INFO:colcon.colcon_core.shell:Creating environment hook '/ros2_ws/install/my_control/share/my_control/hook/ament_prefix_path.ps1'
[0.184s] INFO:colcon.colcon_core.shell:Creating environment descriptor '/ros2_ws/install/my_control/share/my_control/hook/ament_prefix_path.dsv'
[0.184s] INFO:colcon.colcon_core.shell:Creating environment hook '/ros2_ws/install/my_control/share/my_control/hook/ament_prefix_path.sh'
[0.184s] INFO:colcon.colcon_core.shell:Skip shell extension 'powershell' for command environment: Not usable outside of PowerShell
[0.184s] DEBUG:colcon.colcon_core.shell:Skip shell extension 'dsv' for command environment
[0.186s] INFO:colcon.colcon_ros.task.ament_python.build:Building ROS package in '/ros2_ws/src/my_yolo' with build type 'ament_python'
[0.186s] Level 1:colcon.colcon_core.shell:create_environment_hook('my_yolo', 'ament_prefix_path')
[0.186s] INFO:colcon.colcon_core.shell:Creating environment hook '/ros2_ws/install/my_yolo/share/my_yolo/hook/ament_prefix_path.ps1'
[0.186s] INFO:colcon.colcon_core.shell:Creating environment descriptor '/ros2_ws/install/my_yolo/share/my_yolo/hook/ament_prefix_path.dsv'
[0.186s] INFO:colcon.colcon_core.shell:Creating environment hook '/ros2_ws/install/my_yolo/share/my_yolo/hook/ament_prefix_path.sh'
[0.186s] INFO:colcon.colcon_core.shell:Skip shell extension 'powershell' for command environment: Not usable outside of PowerShell
[0.186s] DEBUG:colcon.colcon_core.shell:Skip shell extension 'dsv' for command environment
[0.307s] INFO:colcon.colcon_core.task.python.build:Building Python package in '/ros2_ws/my_car'
[0.307s] INFO:colcon.colcon_core.shell:Skip shell extension 'powershell' for command environment: Not usable outside of PowerShell
[0.307s] DEBUG:colcon.colcon_core.shell:Skip shell extension 'dsv' for command environment
[0.414s] INFO:colcon.colcon_core.task.python.build:Building Python package in '/ros2_ws/src/my_control'
[0.414s] INFO:colcon.colcon_core.shell:Skip shell extension 'powershell' for command environment: Not usable outside of PowerShell
[0.414s] DEBUG:colcon.colcon_core.shell:Skip shell extension 'dsv' for command environment
[0.517s] INFO:colcon.colcon_core.task.python.build:Building Python package in '/ros2_ws/src/my_yolo'
[0.518s] INFO:colcon.colcon_core.shell:Skip shell extension 'powershell' for command environment: Not usable outside of PowerShell
[0.518s] DEBUG:colcon.colcon_core.shell:Skip shell extension 'dsv' for command environment
[0.675s] DEBUG:colcon.colcon_core.event_handler.log_command:Invoking command in '/ros2_ws/build/my_yolo': PYTHONPATH=/ros2_ws/build/my_yolo/prefix_override:/usr/lib/python3/dist-packages/colcon_core/task/python/colcon_distutils_commands:/ros2_ws/install/my_yolo/lib/python3.10/site-packages:${PYTHONPATH} /usr/bin/python3 -W ignore:setup.py install is deprecated -W ignore:easy_install command is deprecated setup.py develop --editable --build-directory /ros2_ws/build/my_yolo/build --no-deps symlink_data
[0.677s] DEBUG:colcon.colcon_core.event_handler.log_command:Invoking command in '/ros2_ws/build/my_car': PYTHONPATH=/ros2_ws/build/my_car/prefix_override:/usr/lib/python3/dist-packages/colcon_core/task/python/colcon_distutils_commands:/ros2_ws/install/my_car/lib/python3.10/site-packages:${PYTHONPATH} /usr/bin/python3 -W ignore:setup.py install is deprecated -W ignore:easy_install command is deprecated setup.py develop --editable --build-directory /ros2_ws/build/my_car/build --no-deps symlink_data
[0.678s] DEBUG:colcon.colcon_core.event_handler.log_command:Invoking command in '/ros2_ws/build/my_control': PYTHONPATH=/ros2_ws/build/my_control/prefix_override:/usr/lib/python3/dist-packages/colcon_core/task/python/colcon_distutils_commands:/ros2_ws/install/my_control/lib/python3.10/site-packages:${PYTHONPATH} /usr/bin/python3 -W ignore:setup.py install is deprecated -W ignore:easy_install command is deprecated setup.py develop --editable --build-directory /ros2_ws/build/my_control/build --no-deps symlink_data
[0.853s] Level 1:colcon.colcon_core.shell:create_environment_hook('my_yolo', 'pythonpath_develop')
[0.854s] INFO:colcon.colcon_core.shell:Creating environment hook '/ros2_ws/build/my_yolo/share/my_yolo/hook/pythonpath_develop.ps1'
[0.854s] DEBUG:colcon.colcon_core.event_handler.log_command:Invoked command in '/ros2_ws/build/my_yolo' returned '0': PYTHONPATH=/ros2_ws/build/my_yolo/prefix_override:/usr/lib/python3/dist-packages/colcon_core/task/python/colcon_distutils_commands:/ros2_ws/install/my_yolo/lib/python3.10/site-packages:${PYTHONPATH} /usr/bin/python3 -W ignore:setup.py install is deprecated -W ignore:easy_install command is deprecated setup.py develop --editable --build-directory /ros2_ws/build/my_yolo/build --no-deps symlink_data
[0.854s] INFO:colcon.colcon_core.shell:Creating environment descriptor '/ros2_ws/build/my_yolo/share/my_yolo/hook/pythonpath_develop.dsv'
[0.855s] INFO:colcon.colcon_core.shell:Creating environment hook '/ros2_ws/build/my_yolo/share/my_yolo/hook/pythonpath_develop.sh'
[0.856s] Level 1:colcon.colcon_core.environment:checking '/ros2_ws/install/my_yolo' for CMake module files
[0.857s] Level 1:colcon.colcon_core.environment:checking '/ros2_ws/install/my_yolo' for CMake config files
[0.857s] Level 1:colcon.colcon_core.environment:checking '/ros2_ws/install/my_yolo/lib'
[0.857s] Level 1:colcon.colcon_core.environment:checking '/ros2_ws/install/my_yolo/bin'
[0.857s] Level 1:colcon.colcon_core.environment:checking '/ros2_ws/install/my_yolo/lib/pkgconfig/my_yolo.pc'
[0.857s] Level 1:colcon.colcon_core.environment:checking '/ros2_ws/install/my_yolo/lib/python3.10/site-packages'
[0.857s] Level 1:colcon.colcon_core.shell:create_environment_hook('my_yolo', 'pythonpath')
[0.857s] INFO:colcon.colcon_core.shell:Creating environment hook '/ros2_ws/install/my_yolo/share/my_yolo/hook/pythonpath.ps1'
[0.857s] INFO:colcon.colcon_core.shell:Creating environment descriptor '/ros2_ws/install/my_yolo/share/my_yolo/hook/pythonpath.dsv'
[0.858s] INFO:colcon.colcon_core.shell:Creating environment hook '/ros2_ws/install/my_yolo/share/my_yolo/hook/pythonpath.sh'
[0.858s] Level 1:colcon.colcon_core.environment:checking '/ros2_ws/install/my_yolo/bin'
[0.858s] Level 1:colcon.colcon_core.environment:create_environment_scripts_only(my_yolo)
[0.858s] INFO:colcon.colcon_core.shell:Creating package script '/ros2_ws/install/my_yolo/share/my_yolo/package.ps1'
[0.859s] INFO:colcon.colcon_core.shell:Creating package descriptor '/ros2_ws/install/my_yolo/share/my_yolo/package.dsv'
[0.859s] INFO:colcon.colcon_core.shell:Creating package script '/ros2_ws/install/my_yolo/share/my_yolo/package.sh'
[0.859s] INFO:colcon.colcon_core.shell:Creating package script '/ros2_ws/install/my_yolo/share/my_yolo/package.bash'
[0.860s] INFO:colcon.colcon_core.shell:Creating package script '/ros2_ws/install/my_yolo/share/my_yolo/package.zsh'
[0.860s] Level 1:colcon.colcon_core.environment:create_file_with_runtime_dependencies(/ros2_ws/install/my_yolo/share/colcon-core/packages/my_yolo)
[0.861s] Level 1:colcon.colcon_core.shell:create_environment_hook('my_car', 'pythonpath_develop')
[0.861s] INFO:colcon.colcon_core.shell:Creating environment hook '/ros2_ws/build/my_car/share/my_car/hook/pythonpath_develop.ps1'
[0.861s] DEBUG:colcon.colcon_core.event_handler.log_command:Invoked command in '/ros2_ws/build/my_car' returned '0': PYTHONPATH=/ros2_ws/build/my_car/prefix_override:/usr/lib/python3/dist-packages/colcon_core/task/python/colcon_distutils_commands:/ros2_ws/install/my_car/lib/python3.10/site-packages:${PYTHONPATH} /usr/bin/python3 -W ignore:setup.py install is deprecated -W ignore:easy_install command is deprecated setup.py develop --editable --build-directory /ros2_ws/build/my_car/build --no-deps symlink_data
[0.862s] INFO:colcon.colcon_core.shell:Creating environment descriptor '/ros2_ws/build/my_car/share/my_car/hook/pythonpath_develop.dsv'
[0.862s] INFO:colcon.colcon_core.shell:Creating environment hook '/ros2_ws/build/my_car/share/my_car/hook/pythonpath_develop.sh'
[0.862s] Level 1:colcon.colcon_core.environment:checking '/ros2_ws/install/my_car' for CMake module files
[0.862s] Level 1:colcon.colcon_core.environment:checking '/ros2_ws/install/my_car' for CMake config files
[0.862s] Level 1:colcon.colcon_core.environment:checking '/ros2_ws/install/my_car/lib'
[0.863s] Level 1:colcon.colcon_core.environment:checking '/ros2_ws/install/my_car/bin'
[0.863s] Level 1:colcon.colcon_core.environment:checking '/ros2_ws/install/my_car/lib/pkgconfig/my_car.pc'
[0.863s] Level 1:colcon.colcon_core.environment:checking '/ros2_ws/install/my_car/lib/python3.10/site-packages'
[0.863s] Level 1:colcon.colcon_core.shell:create_environment_hook('my_car', 'pythonpath')
[0.863s] INFO:colcon.colcon_core.shell:Creating environment hook '/ros2_ws/install/my_car/share/my_car/hook/pythonpath.ps1'
[0.863s] INFO:colcon.colcon_core.shell:Creating environment descriptor '/ros2_ws/install/my_car/share/my_car/hook/pythonpath.dsv'
[0.863s] INFO:colcon.colcon_core.shell:Creating environment hook '/ros2_ws/install/my_car/share/my_car/hook/pythonpath.sh'
[0.863s] Level 1:colcon.colcon_core.environment:checking '/ros2_ws/install/my_car/bin'
[0.863s] Level 1:colcon.colcon_core.environment:create_environment_scripts_only(my_car)
[0.863s] INFO:colcon.colcon_core.shell:Creating package script '/ros2_ws/install/my_car/share/my_car/package.ps1'
[0.864s] INFO:colcon.colcon_core.shell:Creating package descriptor '/ros2_ws/install/my_car/share/my_car/package.dsv'
[0.864s] INFO:colcon.colcon_core.shell:Creating package script '/ros2_ws/install/my_car/share/my_car/package.sh'
[0.864s] INFO:colcon.colcon_core.shell:Creating package script '/ros2_ws/install/my_car/share/my_car/package.bash'
[0.864s] INFO:colcon.colcon_core.shell:Creating package script '/ros2_ws/install/my_car/share/my_car/package.zsh'
[0.864s] Level 1:colcon.colcon_core.environment:create_file_with_runtime_dependencies(/ros2_ws/install/my_car/share/colcon-core/packages/my_car)
[0.864s] Level 1:colcon.colcon_core.shell:create_environment_hook('my_control', 'pythonpath_develop')
[0.865s] INFO:colcon.colcon_core.shell:Creating environment hook '/ros2_ws/build/my_control/share/my_control/hook/pythonpath_develop.ps1'
[0.865s] DEBUG:colcon.colcon_core.event_handler.log_command:Invoked command in '/ros2_ws/build/my_control' returned '0': PYTHONPATH=/ros2_ws/build/my_control/prefix_override:/usr/lib/python3/dist-packages/colcon_core/task/python/colcon_distutils_commands:/ros2_ws/install/my_control/lib/python3.10/site-packages:${PYTHONPATH} /usr/bin/python3 -W ignore:setup.py install is deprecated -W ignore:easy_install command is deprecated setup.py develop --editable --build-directory /ros2_ws/build/my_control/build --no-deps symlink_data
[0.865s] INFO:colcon.colcon_core.shell:Creating environment descriptor '/ros2_ws/build/my_control/share/my_control/hook/pythonpath_develop.dsv'
[0.865s] INFO:colcon.colcon_core.shell:Creating environment hook '/ros2_ws/build/my_control/share/my_control/hook/pythonpath_develop.sh'
[0.866s] Level 1:colcon.colcon_core.environment:checking '/ros2_ws/install/my_control' for CMake module files
[0.866s] Level 1:colcon.colcon_core.environment:checking '/ros2_ws/install/my_control' for CMake config files
[0.866s] Level 1:colcon.colcon_core.environment:checking '/ros2_ws/install/my_control/lib'
[0.866s] Level 1:colcon.colcon_core.environment:checking '/ros2_ws/install/my_control/bin'
[0.866s] Level 1:colcon.colcon_core.environment:checking '/ros2_ws/install/my_control/lib/pkgconfig/my_control.pc'
[0.866s] Level 1:colcon.colcon_core.environment:checking '/ros2_ws/install/my_control/lib/python3.10/site-packages'
[0.866s] Level 1:colcon.colcon_core.shell:create_environment_hook('my_control', 'pythonpath')
[0.866s] INFO:colcon.colcon_core.shell:Creating environment hook '/ros2_ws/install/my_control/share/my_control/hook/pythonpath.ps1'
[0.866s] INFO:colcon.colcon_core.shell:Creating environment descriptor '/ros2_ws/install/my_control/share/my_control/hook/pythonpath.dsv'
[0.866s] INFO:colcon.colcon_core.shell:Creating environment hook '/ros2_ws/install/my_control/share/my_control/hook/pythonpath.sh'
[0.867s] Level 1:colcon.colcon_core.environment:checking '/ros2_ws/install/my_control/bin'
[0.867s] Level 1:colcon.colcon_core.environment:create_environment_scripts_only(my_control)
[0.867s] INFO:colcon.colcon_core.shell:Creating package script '/ros2_ws/install/my_control/share/my_control/package.ps1'
[0.867s] INFO:colcon.colcon_core.shell:Creating package descriptor '/ros2_ws/install/my_control/share/my_control/package.dsv'
[0.867s] INFO:colcon.colcon_core.shell:Creating package script '/ros2_ws/install/my_control/share/my_control/package.sh'
[0.867s] INFO:colcon.colcon_core.shell:Creating package script '/ros2_ws/install/my_control/share/my_control/package.bash'
[0.868s] INFO:colcon.colcon_core.shell:Creating package script '/ros2_ws/install/my_control/share/my_control/package.zsh'
[0.868s] Level 1:colcon.colcon_core.environment:create_file_with_runtime_dependencies(/ros2_ws/install/my_control/share/colcon-core/packages/my_control)
[0.868s] DEBUG:colcon.colcon_parallel_executor.executor.parallel:closing loop
[0.868s] DEBUG:colcon.colcon_parallel_executor.executor.parallel:loop closed
[0.868s] DEBUG:colcon.colcon_parallel_executor.executor.parallel:run_until_complete finished with '0'
[0.868s] DEBUG:colcon.colcon_core.event_reactor:joining thread
[0.872s] INFO:colcon.colcon_core.plugin_system:Skipping extension 'colcon_notification.desktop_notification.notify_send': Could not find 'notify-send'
[0.872s] INFO:colcon.colcon_core.plugin_system:Skipping extension 'colcon_notification.desktop_notification.terminal_notifier': Not used on non-Darwin systems
[0.872s] INFO:colcon.colcon_core.plugin_system:Skipping extension 'colcon_notification.desktop_notification.win32': Not used on non-Windows systems
[0.872s] INFO:colcon.colcon_notification.desktop_notification:Sending desktop notification using 'notify2'
[0.874s] DEBUG:colcon.colcon_notification.desktop_notification.notify2:Failed to initialize notify2: org.freedesktop.DBus.Error.Spawn.ExecFailed: /usr/bin/dbus-launch terminated abnormally without any error message
[0.874s] DEBUG:colcon.colcon_core.event_reactor:joined thread
[0.874s] INFO:colcon.colcon_core.shell:Creating prefix script '/ros2_ws/install/local_setup.ps1'
[0.875s] INFO:colcon.colcon_core.shell:Creating prefix util module '/ros2_ws/install/_local_setup_util_ps1.py'
[0.875s] INFO:colcon.colcon_core.shell:Creating prefix chain script '/ros2_ws/install/setup.ps1'
[0.876s] INFO:colcon.colcon_core.shell:Creating prefix script '/ros2_ws/install/local_setup.sh'
[0.876s] INFO:colcon.colcon_core.shell:Creating prefix util module '/ros2_ws/install/_local_setup_util_sh.py'
[0.877s] INFO:colcon.colcon_core.shell:Creating prefix chain script '/ros2_ws/install/setup.sh'
[0.877s] INFO:colcon.colcon_core.shell:Creating prefix script '/ros2_ws/install/local_setup.bash'
[0.877s] INFO:colcon.colcon_core.shell:Creating prefix chain script '/ros2_ws/install/setup.bash'
[0.878s] INFO:colcon.colcon_core.shell:Creating prefix script '/ros2_ws/install/local_setup.zsh'
[0.878s] INFO:colcon.colcon_core.shell:Creating prefix chain script '/ros2_ws/install/setup.zsh'
