running develop
running egg_info
creating my_control.egg-info
writing my_control.egg-info/PKG-INFO
writing dependency_links to my_control.egg-info/dependency_links.txt
writing entry points to my_control.egg-info/entry_points.txt
writing requirements to my_control.egg-info/requires.txt
writing top-level names to my_control.egg-info/top_level.txt
writing manifest file 'my_control.egg-info/SOURCES.txt'
reading manifest file 'my_control.egg-info/SOURCES.txt'
writing manifest file 'my_control.egg-info/SOURCES.txt'
running build_ext
Creating /ros2_ws/install/my_control/lib/python3.10/site-packages/my-control.egg-link (link to .)

Installed /ros2_ws/build/my_control
running symlink_data
creating /ros2_ws/install/my_control/share/ament_index
creating /ros2_ws/install/my_control/share/ament_index/resource_index
creating /ros2_ws/install/my_control/share/ament_index/resource_index/packages
symbolically linking /ros2_ws/build/my_control/resource/my_control -> /ros2_ws/install/my_control/share/ament_index/resource_index/packages
symbolically linking /ros2_ws/build/my_control/package.xml -> /ros2_ws/install/my_control/share/my_control
