[0.274s] Invoking command in '/ros2_ws/src/my_yolo': PYTHONPATH=/ros2_ws/build/my_yolo/prefix_override:/usr/lib/python3/dist-packages/colcon_core/task/python/colcon_distutils_commands:/ros2_ws/install/my_yolo/lib/python3.10/site-packages:${PYTHONPATH} /usr/bin/python3 -W ignore:setup.py install is deprecated -W ignore:easy_install command is deprecated setup.py egg_info --egg-base ../../build/my_yolo build --build-base /ros2_ws/build/my_yolo/build install --record /ros2_ws/build/my_yolo/install.log --single-version-externally-managed install_data
[0.369s] running egg_info
[0.369s] creating ../../build/my_yolo/my_yolo.egg-info
[0.369s] writing ../../build/my_yolo/my_yolo.egg-info/PKG-INFO
[0.369s] writing dependency_links to ../../build/my_yolo/my_yolo.egg-info/dependency_links.txt
[0.369s] writing entry points to ../../build/my_yolo/my_yolo.egg-info/entry_points.txt
[0.369s] writing requirements to ../../build/my_yolo/my_yolo.egg-info/requires.txt
[0.369s] writing top-level names to ../../build/my_yolo/my_yolo.egg-info/top_level.txt
[0.369s] writing manifest file '../../build/my_yolo/my_yolo.egg-info/SOURCES.txt'
[0.370s] reading manifest file '../../build/my_yolo/my_yolo.egg-info/SOURCES.txt'
[0.370s] writing manifest file '../../build/my_yolo/my_yolo.egg-info/SOURCES.txt'
[0.370s] running build
[0.370s] running build_py
[0.370s] creating /ros2_ws/build/my_yolo/build
[0.370s] creating /ros2_ws/build/my_yolo/build/lib
[0.370s] creating /ros2_ws/build/my_yolo/build/lib/my_yolo
[0.370s] copying my_yolo/my_yolo_node.py -> /ros2_ws/build/my_yolo/build/lib/my_yolo
[0.371s] copying my_yolo/__init__.py -> /ros2_ws/build/my_yolo/build/lib/my_yolo
[0.371s] running install
[0.371s] running install_lib
[0.371s] creating /ros2_ws/install/my_yolo/lib/python3.10/site-packages/my_yolo
[0.371s] copying /ros2_ws/build/my_yolo/build/lib/my_yolo/my_yolo_node.py -> /ros2_ws/install/my_yolo/lib/python3.10/site-packages/my_yolo
[0.371s] copying /ros2_ws/build/my_yolo/build/lib/my_yolo/__init__.py -> /ros2_ws/install/my_yolo/lib/python3.10/site-packages/my_yolo
[0.371s] byte-compiling /ros2_ws/install/my_yolo/lib/python3.10/site-packages/my_yolo/my_yolo_node.py to my_yolo_node.cpython-310.pyc
[0.372s] byte-compiling /ros2_ws/install/my_yolo/lib/python3.10/site-packages/my_yolo/__init__.py to __init__.cpython-310.pyc
[0.372s] running install_data
[0.372s] creating /ros2_ws/install/my_yolo/share/ament_index
[0.372s] creating /ros2_ws/install/my_yolo/share/ament_index/resource_index
[0.372s] creating /ros2_ws/install/my_yolo/share/ament_index/resource_index/packages
[0.372s] copying resource/my_yolo -> /ros2_ws/install/my_yolo/share/ament_index/resource_index/packages
[0.372s] copying package.xml -> /ros2_ws/install/my_yolo/share/my_yolo
[0.372s] running install_egg_info
[0.373s] Copying ../../build/my_yolo/my_yolo.egg-info to /ros2_ws/install/my_yolo/lib/python3.10/site-packages/my_yolo-0.0.0-py3.10.egg-info
[0.373s] running install_scripts
[0.383s] Installing yolo_node script to /ros2_ws/install/my_yolo/lib/my_yolo
[0.383s] writing list of installed files to '/ros2_ws/build/my_yolo/install.log'
[0.394s] Invoked command in '/ros2_ws/src/my_yolo' returned '0': PYTHONPATH=/ros2_ws/build/my_yolo/prefix_override:/usr/lib/python3/dist-packages/colcon_core/task/python/colcon_distutils_commands:/ros2_ws/install/my_yolo/lib/python3.10/site-packages:${PYTHONPATH} /usr/bin/python3 -W ignore:setup.py install is deprecated -W ignore:easy_install command is deprecated setup.py egg_info --egg-base ../../build/my_yolo build --build-base /ros2_ws/build/my_yolo/build install --record /ros2_ws/build/my_yolo/install.log --single-version-externally-managed install_data
