[0.328s] Invoking command in '/ros2_ws/src/my_yolo': PYTHONPATH=/ros2_ws/build/my_yolo/prefix_override:/usr/lib/python3/dist-packages/colcon_core/task/python/colcon_distutils_commands:/ros2_ws/install/my_yolo/lib/python3.10/site-packages:${PYTHONPATH} /usr/bin/python3 -W ignore:setup.py install is deprecated -W ignore:easy_install command is deprecated setup.py egg_info --egg-base ../../build/my_yolo build --build-base /ros2_ws/build/my_yolo/build install --record /ros2_ws/build/my_yolo/install.log --single-version-externally-managed install_data
[0.450s] running egg_info
[0.451s] writing ../../build/my_yolo/my_yolo.egg-info/PKG-INFO
[0.451s] writing dependency_links to ../../build/my_yolo/my_yolo.egg-info/dependency_links.txt
[0.451s] writing entry points to ../../build/my_yolo/my_yolo.egg-info/entry_points.txt
[0.451s] writing requirements to ../../build/my_yolo/my_yolo.egg-info/requires.txt
[0.451s] writing top-level names to ../../build/my_yolo/my_yolo.egg-info/top_level.txt
[0.452s] reading manifest file '../../build/my_yolo/my_yolo.egg-info/SOURCES.txt'
[0.453s] writing manifest file '../../build/my_yolo/my_yolo.egg-info/SOURCES.txt'
[0.453s] running build
[0.453s] running build_py
[0.453s] copying my_yolo/my_yolo_node.py -> /ros2_ws/build/my_yolo/build/lib/my_yolo
[0.453s] running install
[0.453s] running install_lib
[0.454s] copying /ros2_ws/build/my_yolo/build/lib/my_yolo/my_yolo_node.py -> /ros2_ws/install/my_yolo/lib/python3.10/site-packages/my_yolo
[0.454s] byte-compiling /ros2_ws/install/my_yolo/lib/python3.10/site-packages/my_yolo/my_yolo_node.py to my_yolo_node.cpython-310.pyc
[0.454s] running install_data
[0.454s] running install_egg_info
[0.455s] removing '/ros2_ws/install/my_yolo/lib/python3.10/site-packages/my_yolo-0.0.0-py3.10.egg-info' (and everything under it)
[0.455s] Copying ../../build/my_yolo/my_yolo.egg-info to /ros2_ws/install/my_yolo/lib/python3.10/site-packages/my_yolo-0.0.0-py3.10.egg-info
[0.456s] running install_scripts
[0.472s] Installing yolo_node script to /ros2_ws/install/my_yolo/lib/my_yolo
[0.472s] writing list of installed files to '/ros2_ws/build/my_yolo/install.log'
[0.486s] Invoked command in '/ros2_ws/src/my_yolo' returned '0': PYTHONPATH=/ros2_ws/build/my_yolo/prefix_override:/usr/lib/python3/dist-packages/colcon_core/task/python/colcon_distutils_commands:/ros2_ws/install/my_yolo/lib/python3.10/site-packages:${PYTHONPATH} /usr/bin/python3 -W ignore:setup.py install is deprecated -W ignore:easy_install command is deprecated setup.py egg_info --egg-base ../../build/my_yolo build --build-base /ros2_ws/build/my_yolo/build install --record /ros2_ws/build/my_yolo/install.log --single-version-externally-managed install_data
