running egg_info
writing ../../build/my_yolo/my_yolo.egg-info/PKG-INFO
writing dependency_links to ../../build/my_yolo/my_yolo.egg-info/dependency_links.txt
writing entry points to ../../build/my_yolo/my_yolo.egg-info/entry_points.txt
writing requirements to ../../build/my_yolo/my_yolo.egg-info/requires.txt
writing top-level names to ../../build/my_yolo/my_yolo.egg-info/top_level.txt
reading manifest file '../../build/my_yolo/my_yolo.egg-info/SOURCES.txt'
writing manifest file '../../build/my_yolo/my_yolo.egg-info/SOURCES.txt'
running build
running build_py
copying my_yolo/my_yolo_node.py -> /ros2_ws/build/my_yolo/build/lib/my_yolo
running install
running install_lib
copying /ros2_ws/build/my_yolo/build/lib/my_yolo/my_yolo_node.py -> /ros2_ws/install/my_yolo/lib/python3.10/site-packages/my_yolo
byte-compiling /ros2_ws/install/my_yolo/lib/python3.10/site-packages/my_yolo/my_yolo_node.py to my_yolo_node.cpython-310.pyc
running install_data
running install_egg_info
removing '/ros2_ws/install/my_yolo/lib/python3.10/site-packages/my_yolo-0.0.0-py3.10.egg-info' (and everything under it)
Copying ../../build/my_yolo/my_yolo.egg-info to /ros2_ws/install/my_yolo/lib/python3.10/site-packages/my_yolo-0.0.0-py3.10.egg-info
running install_scripts
Installing yolo_node script to /ros2_ws/install/my_yolo/lib/my_yolo
writing list of installed files to '/ros2_ws/build/my_yolo/install.log'
