running develop
running egg_info
creating my_car.egg-info
writing my_car.egg-info/PKG-INFO
writing dependency_links to my_car.egg-info/dependency_links.txt
writing entry points to my_car.egg-info/entry_points.txt
writing requirements to my_car.egg-info/requires.txt
writing top-level names to my_car.egg-info/top_level.txt
writing manifest file 'my_car.egg-info/SOURCES.txt'
reading manifest file 'my_car.egg-info/SOURCES.txt'
writing manifest file 'my_car.egg-info/SOURCES.txt'
running build_ext
Creating /ros2_ws/install/my_car/lib/python3.10/site-packages/my-car.egg-link (link to .)

Installed /ros2_ws/build/my_car
running symlink_data
creating /ros2_ws/install/my_car/share/ament_index
creating /ros2_ws/install/my_car/share/ament_index/resource_index
creating /ros2_ws/install/my_car/share/ament_index/resource_index/packages
symbolically linking /ros2_ws/build/my_car/resource/my_car -> /ros2_ws/install/my_car/share/ament_index/resource_index/packages
symbolically linking /ros2_ws/build/my_car/package.xml -> /ros2_ws/install/my_car/share/my_car
